2021-03-15 18:17:20 INFO  - 200 GET    /                               724 ms   text/html;charset=UTF-8
2021-03-15 18:17:20 INFO  - 200 GET    /build/index.min.css             47 ms   text/css
2021-03-15 18:17:20 INFO  - 200 GET    /build/index.min.js              70 ms   application/javascript
2021-03-15 18:17:20 INFO  - 200 GET    /build/sprites.svg                6 ms   image/svg+xml
2021-03-15 18:17:20 INFO  - 200 GET    /build/favicon.ico               31 ms   image/x-icon
2021-03-15 18:17:24 INFO  - 200 GET    /                                11 ms   text/html;charset=UTF-8
2021-03-15 18:17:24 INFO  - 200 GET    /build/favicon.ico                6 ms   image/x-icon
2021-03-15 18:17:25 INFO  - 200 GET    /                                 6 ms   text/html;charset=UTF-8
2021-03-15 18:17:26 INFO  - 200 GET    /build/favicon.ico                7 ms   image/x-icon
2021-03-15 18:17:27 INFO  - 200 GET    /                                 6 ms   text/html;charset=UTF-8
2021-03-15 18:17:27 INFO  - 200 GET    /build/favicon.ico               12 ms   image/x-icon
2021-03-15 18:17:52 INFO  - 200 GET    /                                 6 ms   text/html;charset=UTF-8
2021-03-15 18:17:52 INFO  - 200 GET    /build/favicon.ico                3 ms   image/x-icon
2021-03-15 19:36:53 INFO  - 200 GET    /                               529 ms   text/html;charset=UTF-8
2021-03-15 19:37:01 INFO  - 401 GET    /favicon.ico                      3 ms   null
2021-03-15 19:46:12 INFO  - 200 GET    /log/request                     59 ms   text/html;charset=UTF-8
2021-03-15 19:46:12 INFO  - 401 GET    /favicon.ico                    206 ms   null
2021-03-15 19:55:01 INFO  - 200 GET    /log/request                     45 ms   text/html;charset=UTF-8
2021-03-15 19:55:02 INFO  - 401 GET    /favicon.ico                    137 ms   null
2021-03-15 19:55:03 INFO  - 200 GET    /log/request                      3 ms   text/html;charset=UTF-8
2021-03-15 19:55:03 INFO  - 401 GET    /favicon.ico                      2 ms   null
2021-03-15 19:55:15 INFO  - 401 GET    /favicon.ico                      2 ms   null
2021-03-15 19:57:03 INFO  - 200 GET    /                               431 ms   text/html;charset=UTF-8
2021-03-15 19:57:03 INFO  - 200 GET    /build/favicon.ico               71 ms   image/x-icon
2021-03-15 19:57:38 INFO  - 200 GET    /                                12 ms   text/html;charset=UTF-8
2021-03-15 19:57:38 INFO  - 200 GET    /build/favicon.ico               11 ms   image/x-icon
2021-03-15 19:58:12 INFO  - 200 GET    /                                 9 ms   text/html;charset=UTF-8
2021-03-15 19:58:12 INFO  - 200 GET    /build/favicon.ico                5 ms   image/x-icon
