2021-02-22T12:08:24.873849+00:00 heroku[web.1]: Starting process with command `java -Dserver.port=21921 $JAVA_OPTS -jar target/*.jar`
2021-02-22T12:08:27.735729+00:00 app[web.1]: Setting JAVA_TOOL_OPTIONS defaults based on dyno size. Custom settings will override them.
2021-02-22T12:08:27.739322+00:00 app[web.1]: Picked up JAVA_TOOL_OPTIONS: -Xmx300m -Xss512k -XX:CICompilerCount=2 -Dfile.encoding=UTF-8
2021-02-22T12:08:29.323205+00:00 app[web.1]: 
2021-02-22T12:08:29.323261+00:00 app[web.1]: .   ____          _            __ _ _
2021-02-22T12:08:29.323261+00:00 app[web.1]: /\\ / ___'_ __ _ _(_)_ __  __ _ \ \ \ \
2021-02-22T12:08:29.323333+00:00 app[web.1]: ( ( )\___ | '_ | '_| | '_ \/ _` | \ \ \ \
2021-02-22T12:08:29.323368+00:00 app[web.1]: \\/  ___)| |_)| | | | | || (_| |  ) ) ) )
2021-02-22T12:08:29.323400+00:00 app[web.1]: '  |____| .__|_| |_|_| |_\__, | / / / /
2021-02-22T12:08:29.323435+00:00 app[web.1]: =========|_|==============|___/=/_/_/_/
2021-02-22T12:08:29.324498+00:00 app[web.1]: :: Spring Boot ::                (v2.4.2)
2021-02-22T12:08:29.324545+00:00 app[web.1]: 
2021-02-22T12:08:29.468719+00:00 app[web.1]: 2021-02-22 12:08:29.465  INFO 4 --- [           main] app.text_quest.TextQuestApplication      : Starting TextQuestApplication v0.0.3-DEPLOY using Java 1.8.0_282-heroku on f6ff0577-c874-45ab-801f-afc3bb0ce48b with PID 4 (/app/target/text_quest-0.0.3-DEPLOY.jar started by u12053 in /app)
2021-02-22T12:08:29.469712+00:00 app[web.1]: 2021-02-22 12:08:29.469  INFO 4 --- [           main] app.text_quest.TextQuestApplication      : No active profile set, falling back to default profiles: default
2021-02-22T12:08:30.672720+00:00 app[web.1]: 2021-02-22 12:08:30.672  INFO 4 --- [           main] .s.d.r.c.RepositoryConfigurationDelegate : Bootstrapping Spring Data JPA repositories in DEFAULT mode.
2021-02-22T12:08:30.840224+00:00 app[web.1]: 2021-02-22 12:08:30.839  INFO 4 --- [           main] .s.d.r.c.RepositoryConfigurationDelegate : Finished Spring Data repository scanning in 158 ms. Found 12 JPA repository interfaces.
2021-02-22T12:08:31.348615+00:00 app[web.1]: 2021-02-22 12:08:31.348  INFO 4 --- [           main] trationDelegate$BeanPostProcessorChecker : Bean 'org.springframework.hateoas.config.HateoasConfiguration' of type [org.springframework.hateoas.config.HateoasConfiguration] is not eligible for getting processed by all BeanPostProcessors (for example: not eligible for auto-proxying)
2021-02-22T12:08:31.352737+00:00 app[web.1]: 2021-02-22 12:08:31.352  INFO 4 --- [           main] trationDelegate$BeanPostProcessorChecker : Bean 'relProviderPluginRegistry' of type [org.springframework.plugin.core.support.PluginRegistryFactoryBean] is not eligible for getting processed by all BeanPostProcessors (for example: not eligible for auto-proxying)
2021-02-22T12:08:31.362221+00:00 app[web.1]: 2021-02-22 12:08:31.362  INFO 4 --- [           main] trationDelegate$BeanPostProcessorChecker : Bean 'relProviderPluginRegistry' of type [org.springframework.plugin.core.OrderAwarePluginRegistry] is not eligible for getting processed by all BeanPostProcessors (for example: not eligible for auto-proxying)
2021-02-22T12:08:31.367653+00:00 app[web.1]: 2021-02-22 12:08:31.367  INFO 4 --- [           main] trationDelegate$BeanPostProcessorChecker : Bean '_relProvider' of type [org.springframework.hateoas.server.core.DelegatingLinkRelationProvider] is not eligible for getting processed by all BeanPostProcessors (for example: not eligible for auto-proxying)
2021-02-22T12:08:31.375366+00:00 app[web.1]: 2021-02-22 12:08:31.375  INFO 4 --- [           main] trationDelegate$BeanPostProcessorChecker : Bean 'messageResolver' of type [org.springframework.hateoas.mediatype.MessageSourceResolver] is not eligible for getting processed by all BeanPostProcessors (for example: not eligible for auto-proxying)
2021-02-22T12:08:31.376780+00:00 app[web.1]: 2021-02-22 12:08:31.376  INFO 4 --- [           main] trationDelegate$BeanPostProcessorChecker : Bean 'org.springframework.data.web.config.SpringDataJacksonConfiguration' of type [org.springframework.data.web.config.SpringDataJacksonConfiguration] is not eligible for getting processed by all BeanPostProcessors (for example: not eligible for auto-proxying)
2021-02-22T12:08:31.382504+00:00 app[web.1]: 2021-02-22 12:08:31.382  INFO 4 --- [           main] trationDelegate$BeanPostProcessorChecker : Bean 'jacksonGeoModule' of type [org.springframework.data.geo.GeoModule] is not eligible for getting processed by all BeanPostProcessors (for example: not eligible for auto-proxying)
2021-02-22T12:08:31.400613+00:00 app[web.1]: 2021-02-22 12:08:31.400  INFO 4 --- [           main] trationDelegate$BeanPostProcessorChecker : Bean 'org.springframework.boot.autoconfigure.data.rest.RepositoryRestMvcAutoConfiguration' of type [org.springframework.boot.autoconfigure.data.rest.RepositoryRestMvcAutoConfiguration] is not eligible for getting processed by all BeanPostProcessors (for example: not eligible for auto-proxying)
2021-02-22T12:08:31.402839+00:00 app[web.1]: 2021-02-22 12:08:31.402  INFO 4 --- [           main] trationDelegate$BeanPostProcessorChecker : Bean 'org.springframework.boot.autoconfigure.jackson.JacksonAutoConfiguration$JacksonObjectMapperBuilderConfiguration' of type [org.springframework.boot.autoconfigure.jackson.JacksonAutoConfiguration$JacksonObjectMapperBuilderConfiguration] is not eligible for getting processed by all BeanPostProcessors (for example: not eligible for auto-proxying)
2021-02-22T12:08:31.404793+00:00 app[web.1]: 2021-02-22 12:08:31.404  INFO 4 --- [           main] trationDelegate$BeanPostProcessorChecker : Bean 'org.springframework.boot.autoconfigure.jackson.JacksonAutoConfiguration$Jackson2ObjectMapperBuilderCustomizerConfiguration' of type [org.springframework.boot.autoconfigure.jackson.JacksonAutoConfiguration$Jackson2ObjectMapperBuilderCustomizerConfiguration] is not eligible for getting processed by all BeanPostProcessors (for example: not eligible for auto-proxying)
2021-02-22T12:08:31.423567+00:00 app[web.1]: 2021-02-22 12:08:31.423  INFO 4 --- [           main] trationDelegate$BeanPostProcessorChecker : Bean 'spring.jackson-org.springframework.boot.autoconfigure.jackson.JacksonProperties' of type [org.springframework.boot.autoconfigure.jackson.JacksonProperties] is not eligible for getting processed by all BeanPostProcessors (for example: not eligible for auto-proxying)
2021-02-22T12:08:31.424588+00:00 app[web.1]: 2021-02-22 12:08:31.424  INFO 4 --- [           main] trationDelegate$BeanPostProcessorChecker : Bean 'standardJacksonObjectMapperBuilderCustomizer' of type [org.springframework.boot.autoconfigure.jackson.JacksonAutoConfiguration$Jackson2ObjectMapperBuilderCustomizerConfiguration$StandardJackson2ObjectMapperBuilderCustomizer] is not eligible for getting processed by all BeanPostProcessors (for example: not eligible for auto-proxying)
2021-02-22T12:08:31.427790+00:00 app[web.1]: 2021-02-22 12:08:31.427  INFO 4 --- [           main] trationDelegate$BeanPostProcessorChecker : Bean 'org.springframework.boot.autoconfigure.jackson.JacksonAutoConfiguration$ParameterNamesModuleConfiguration' of type [org.springframework.boot.autoconfigure.jackson.JacksonAutoConfiguration$ParameterNamesModuleConfiguration] is not eligible for getting processed by all BeanPostProcessors (for example: not eligible for auto-proxying)
2021-02-22T12:08:31.430157+00:00 app[web.1]: 2021-02-22 12:08:31.430  INFO 4 --- [           main] trationDelegate$BeanPostProcessorChecker : Bean 'parameterNamesModule' of type [com.fasterxml.jackson.module.paramnames.ParameterNamesModule] is not eligible for getting processed by all BeanPostProcessors (for example: not eligible for auto-proxying)
2021-02-22T12:08:31.431742+00:00 app[web.1]: 2021-02-22 12:08:31.431  INFO 4 --- [           main] trationDelegate$BeanPostProcessorChecker : Bean 'org.springframework.boot.autoconfigure.jackson.JacksonAutoConfiguration' of type [org.springframework.boot.autoconfigure.jackson.JacksonAutoConfiguration] is not eligible for getting processed by all BeanPostProcessors (for example: not eligible for auto-proxying)
2021-02-22T12:08:31.447431+00:00 app[web.1]: 2021-02-22 12:08:31.447  INFO 4 --- [           main] trationDelegate$BeanPostProcessorChecker : Bean 'jsonComponentModule' of type [org.springframework.boot.jackson.JsonComponentModule] is not eligible for getting processed by all BeanPostProcessors (for example: not eligible for auto-proxying)
2021-02-22T12:08:31.449908+00:00 app[web.1]: 2021-02-22 12:08:31.449  INFO 4 --- [           main] trationDelegate$BeanPostProcessorChecker : Bean 'jacksonObjectMapperBuilder' of type [org.springframework.http.converter.json.Jackson2ObjectMapperBuilder] is not eligible for getting processed by all BeanPostProcessors (for example: not eligible for auto-proxying)
2021-02-22T12:08:31.457941+00:00 app[web.1]: 2021-02-22 12:08:31.457  INFO 4 --- [           main] trationDelegate$BeanPostProcessorChecker : Bean 'spring.data.rest-org.springframework.boot.autoconfigure.data.rest.RepositoryRestProperties' of type [org.springframework.boot.autoconfigure.data.rest.RepositoryRestProperties] is not eligible for getting processed by all BeanPostProcessors (for example: not eligible for auto-proxying)
2021-02-22T12:08:31.458558+00:00 app[web.1]: 2021-02-22 12:08:31.458  INFO 4 --- [           main] trationDelegate$BeanPostProcessorChecker : Bean 'springBootRepositoryRestConfigurer' of type [org.springframework.boot.autoconfigure.data.rest.SpringBootRepositoryRestConfigurer] is not eligible for getting processed by all BeanPostProcessors (for example: not eligible for auto-proxying)
2021-02-22T12:08:31.459863+00:00 app[web.1]: 2021-02-22 12:08:31.459  INFO 4 --- [           main] trationDelegate$BeanPostProcessorChecker : Bean 'configurerDelegate' of type [org.springframework.data.rest.webmvc.config.RepositoryRestConfigurerDelegate] is not eligible for getting processed by all BeanPostProcessors (for example: not eligible for auto-proxying)
2021-02-22T12:08:31.466621+00:00 app[web.1]: 2021-02-22 12:08:31.466  INFO 4 --- [           main] trationDelegate$BeanPostProcessorChecker : Bean 'org.springframework.boot.autoconfigure.http.HttpMessageConvertersAutoConfiguration$StringHttpMessageConverterConfiguration' of type [org.springframework.boot.autoconfigure.http.HttpMessageConvertersAutoConfiguration$StringHttpMessageConverterConfiguration] is not eligible for getting processed by all BeanPostProcessors (for example: not eligible for auto-proxying)
2021-02-22T12:08:31.473040+00:00 app[web.1]: 2021-02-22 12:08:31.472  INFO 4 --- [           main] trationDelegate$BeanPostProcessorChecker : Bean 'stringHttpMessageConverter' of type [org.springframework.http.converter.StringHttpMessageConverter] is not eligible for getting processed by all BeanPostProcessors (for example: not eligible for auto-proxying)
2021-02-22T12:08:31.474354+00:00 app[web.1]: 2021-02-22 12:08:31.474  INFO 4 --- [           main] trationDelegate$BeanPostProcessorChecker : Bean 'org.springframework.boot.autoconfigure.http.JacksonHttpMessageConvertersConfiguration$MappingJackson2HttpMessageConverterConfiguration' of type [org.springframework.boot.autoconfigure.http.JacksonHttpMessageConvertersConfiguration$MappingJackson2HttpMessageConverterConfiguration] is not eligible for getting processed by all BeanPostProcessors (for example: not eligible for auto-proxying)
2021-02-22T12:08:31.475706+00:00 app[web.1]: 2021-02-22 12:08:31.475  INFO 4 --- [           main] trationDelegate$BeanPostProcessorChecker : Bean 'org.springframework.boot.autoconfigure.jackson.JacksonAutoConfiguration$JacksonObjectMapperConfiguration' of type [org.springframework.boot.autoconfigure.jackson.JacksonAutoConfiguration$JacksonObjectMapperConfiguration] is not eligible for getting processed by all BeanPostProcessors (for example: not eligible for auto-proxying)
2021-02-22T12:08:31.481941+00:00 app[web.1]: 2021-02-22 12:08:31.481  INFO 4 --- [           main] trationDelegate$BeanPostProcessorChecker : Bean 'jacksonObjectMapperBuilder' of type [org.springframework.http.converter.json.Jackson2ObjectMapperBuilder] is not eligible for getting processed by all BeanPostProcessors (for example: not eligible for auto-proxying)
2021-02-22T12:08:31.499222+00:00 app[web.1]: 2021-02-22 12:08:31.498  INFO 4 --- [           main] trationDelegate$BeanPostProcessorChecker : Bean 'jacksonObjectMapper' of type [com.fasterxml.jackson.databind.ObjectMapper] is not eligible for getting processed by all BeanPostProcessors (for example: not eligible for auto-proxying)
2021-02-22T12:08:31.506994+00:00 app[web.1]: 2021-02-22 12:08:31.506  INFO 4 --- [           main] trationDelegate$BeanPostProcessorChecker : Bean 'mappingJackson2HttpMessageConverter' of type [org.springframework.http.converter.json.MappingJackson2HttpMessageConverter] is not eligible for getting processed by all BeanPostProcessors (for example: not eligible for auto-proxying)
2021-02-22T12:08:31.508524+00:00 app[web.1]: 2021-02-22 12:08:31.508  INFO 4 --- [           main] trationDelegate$BeanPostProcessorChecker : Bean 'org.springframework.data.rest.webmvc.config.RepositoryRestMvcConfiguration' of type [org.springframework.data.rest.webmvc.config.RepositoryRestMvcConfiguration] is not eligible for getting processed by all BeanPostProcessors (for example: not eligible for auto-proxying)
2021-02-22T12:08:31.900542+00:00 app[web.1]: 2021-02-22 12:08:31.900  INFO 4 --- [           main] o.s.b.w.embedded.tomcat.TomcatWebServer  : Tomcat initialized with port(s): 21921 (http)
2021-02-22T12:08:31.917923+00:00 app[web.1]: 2021-02-22 12:08:31.917  INFO 4 --- [           main] o.apache.catalina.core.StandardService   : Starting service [Tomcat]
2021-02-22T12:08:31.918247+00:00 app[web.1]: 2021-02-22 12:08:31.918  INFO 4 --- [           main] org.apache.catalina.core.StandardEngine  : Starting Servlet engine: [Apache Tomcat/9.0.41]
2021-02-22T12:08:32.008790+00:00 app[web.1]: 2021-02-22 12:08:32.008  INFO 4 --- [           main] o.a.c.c.C.[Tomcat].[localhost].[/]       : Initializing Spring embedded WebApplicationContext
2021-02-22T12:08:32.008988+00:00 app[web.1]: 2021-02-22 12:08:32.008  INFO 4 --- [           main] w.s.c.ServletWebServerApplicationContext : Root WebApplicationContext: initialization completed in 2434 ms
2021-02-22T12:08:32.116030+00:00 app[web.1]: 2021-02-22 12:08:32.115 DEBUG 4 --- [           main] o.s.b.w.s.ServletContextInitializerBeans : Mapping filters: characterEncodingFilter urls=[/*] order=-2147483648, formContentFilter urls=[/*] order=-9900, requestContextFilter urls=[/*] order=-105
2021-02-22T12:08:32.116290+00:00 app[web.1]: 2021-02-22 12:08:32.116 DEBUG 4 --- [           main] o.s.b.w.s.ServletContextInitializerBeans : Mapping servlets: dispatcherServlet urls=[/]
2021-02-22T12:08:32.408365+00:00 app[web.1]: 2021-02-22 12:08:32.407  INFO 4 --- [           main] o.hibernate.jpa.internal.util.LogHelper  : HHH000204: Processing PersistenceUnitInfo [name: default]
2021-02-22T12:08:32.625609+00:00 app[web.1]: 2021-02-22 12:08:32.625  INFO 4 --- [           main] org.hibernate.Version                    : HHH000412: Hibernate ORM core version 5.4.27.Final
2021-02-22T12:08:32.815792+00:00 app[web.1]: 2021-02-22 12:08:32.815  INFO 4 --- [           main] o.hibernate.annotations.common.Version   : HCANN000001: Hibernate Commons Annotations {5.1.2.Final}
2021-02-22T12:08:32.952271+00:00 app[web.1]: 2021-02-22 12:08:32.952  INFO 4 --- [           main] com.zaxxer.hikari.HikariDataSource       : HikariPool-1 - Starting...
2021-02-22T12:08:33.447550+00:00 app[web.1]: 2021-02-22 12:08:33.447  INFO 4 --- [           main] com.zaxxer.hikari.HikariDataSource       : HikariPool-1 - Start completed.
2021-02-22T12:08:33.487034+00:00 app[web.1]: 2021-02-22 12:08:33.486  INFO 4 --- [           main] org.hibernate.dialect.Dialect            : HHH000400: Using dialect: org.hibernate.dialect.PostgreSQLDialect
2021-02-22T12:08:33.897747+00:00 app[web.1]: 2021-02-22 12:08:33.897  WARN 4 --- [           main] org.hibernate.cfg.AnnotationBinder       : HHH000139: Illegal use of @Table in a subclass of a SINGLE_TABLE hierarchy: app.text_quest.model.msg.types.Image
2021-02-22T12:08:33.907751+00:00 app[web.1]: 2021-02-22 12:08:33.907  WARN 4 --- [           main] org.hibernate.cfg.AnnotationBinder       : HHH000139: Illegal use of @Table in a subclass of a SINGLE_TABLE hierarchy: app.text_quest.model.msg.types.Text
2021-02-22T12:08:33.979852+00:00 app[web.1]: 2021-02-22 12:08:33.979  WARN 4 --- [           main] org.hibernate.cfg.AnnotationBinder       : HHH000139: Illegal use of @Table in a subclass of a SINGLE_TABLE hierarchy: app.text_quest.model.node.types.LinkedNode.LinkedNode
2021-02-22T12:08:33.980584+00:00 app[web.1]: 2021-02-22 12:08:33.980  WARN 4 --- [           main] org.hibernate.cfg.AnnotationBinder       : HHH000139: Illegal use of @Table in a subclass of a SINGLE_TABLE hierarchy: app.text_quest.model.node.types.LinkedNode.types.OutMsg
2021-02-22T12:08:33.982059+00:00 app[web.1]: 2021-02-22 12:08:33.981  WARN 4 --- [           main] org.hibernate.cfg.AnnotationBinder       : HHH000139: Illegal use of @Table in a subclass of a SINGLE_TABLE hierarchy: app.text_quest.model.node.types.LinkedNode.types.InMsg
2021-02-22T12:08:33.983414+00:00 app[web.1]: 2021-02-22 12:08:33.983  WARN 4 --- [           main] org.hibernate.cfg.AnnotationBinder       : HHH000139: Illegal use of @Table in a subclass of a SINGLE_TABLE hierarchy: app.text_quest.model.node.types.Fork
2021-02-22T12:08:34.927791+00:00 app[web.1]: 2021-02-22 12:08:34.927  INFO 4 --- [           main] o.h.e.t.j.p.i.JtaPlatformInitiator       : HHH000490: Using JtaPlatform implementation: [org.hibernate.engine.transaction.jta.platform.internal.NoJtaPlatform]
2021-02-22T12:08:34.940440+00:00 app[web.1]: 2021-02-22 12:08:34.940  INFO 4 --- [           main] j.LocalContainerEntityManagerFactoryBean : Initialized JPA EntityManagerFactory for persistence unit 'default'
2021-02-22T12:08:36.000000+00:00 app[api]: Build succeeded
2021-02-22T12:08:36.671513+00:00 app[web.1]: 2021-02-22 12:08:36.671  WARN 4 --- [           main] JpaBaseConfiguration$JpaWebConfiguration : spring.jpa.open-in-view is enabled by default. Therefore, database queries may be performed during view rendering. Explicitly configure spring.jpa.open-in-view to disable this warning
2021-02-22T12:08:37.204826+00:00 app[web.1]: 2021-02-22 12:08:37.198  INFO 4 --- [           main] o.s.s.concurrent.ThreadPoolTaskExecutor  : Initializing ExecutorService 'applicationTaskExecutor'
2021-02-22T12:08:37.245989+00:00 app[web.1]: 2021-02-22 12:08:37.245 DEBUG 4 --- [           main] s.w.s.m.m.a.RequestMappingHandlerAdapter : ControllerAdvice beans: 0 @ModelAttribute, 0 @InitBinder, 1 RequestBodyAdvice, 1 ResponseBodyAdvice
2021-02-22T12:08:37.495123+00:00 app[web.1]: 2021-02-22 12:08:37.494 DEBUG 4 --- [           main] s.w.s.m.m.a.RequestMappingHandlerMapping : 3 mappings in 'requestMappingHandlerMapping'
2021-02-22T12:08:37.580850+00:00 app[web.1]: 2021-02-22 12:08:37.580 DEBUG 4 --- [           main] o.s.w.s.handler.SimpleUrlHandlerMapping  : Patterns [/webjars/**, /**] in 'resourceHandlerMapping'
2021-02-22T12:08:37.602155+00:00 app[web.1]: 2021-02-22 12:08:37.601 DEBUG 4 --- [           main] .m.m.a.ExceptionHandlerExceptionResolver : ControllerAdvice beans: 1 @ExceptionHandler, 1 ResponseBodyAdvice
2021-02-22T12:08:38.229802+00:00 app[web.1]: 2021-02-22 12:08:38.229  INFO 4 --- [           main] o.s.b.w.embedded.tomcat.TomcatWebServer  : Tomcat started on port(s): 21921 (http) with context path ''
2021-02-22T12:08:38.241628+00:00 app[web.1]: 2021-02-22 12:08:38.241  INFO 4 --- [           main] app.text_quest.TextQuestApplication      : Started TextQuestApplication in 9.486 seconds (JVM running for 10.502)
2021-02-22T12:08:38.245117+00:00 app[web.1]: java.lang.RuntimeException
2021-02-22T12:08:38.245209+00:00 app[web.1]: at app.text_quest.TextQuestApplication.main(TextQuestApplication.java:21)
2021-02-22T12:08:38.245273+00:00 app[web.1]: at sun.reflect.NativeMethodAccessorImpl.invoke0(Native Method)
2021-02-22T12:08:38.245303+00:00 app[web.1]: at sun.reflect.NativeMethodAccessorImpl.invoke(NativeMethodAccessorImpl.java:62)
2021-02-22T12:08:38.245345+00:00 app[web.1]: at sun.reflect.DelegatingMethodAccessorImpl.invoke(DelegatingMethodAccessorImpl.java:43)
2021-02-22T12:08:38.245378+00:00 app[web.1]: at java.lang.reflect.Method.invoke(Method.java:498)
2021-02-22T12:08:38.245411+00:00 app[web.1]: at org.springframework.boot.loader.MainMethodRunner.run(MainMethodRunner.java:49)
2021-02-22T12:08:38.245446+00:00 app[web.1]: at org.springframework.boot.loader.Launcher.launch(Launcher.java:107)
2021-02-22T12:08:38.245479+00:00 app[web.1]: at org.springframework.boot.loader.Launcher.launch(Launcher.java:58)
2021-02-22T12:08:38.245524+00:00 app[web.1]: at org.springframework.boot.loader.JarLauncher.main(JarLauncher.java:88)
2021-02-22T12:08:38.326469+00:00 heroku[web.1]: State changed from starting to up
2021-02-22T12:08:38.822701+00:00 app[web.1]: 2021-02-22 12:08:38.822  INFO 4 --- [io-21921-exec-3] o.a.c.c.C.[Tomcat].[localhost].[/]       : Initializing Spring DispatcherServlet 'dispatcherServlet'
2021-02-22T12:08:38.822788+00:00 app[web.1]: 2021-02-22 12:08:38.822  INFO 4 --- [io-21921-exec-3] o.s.web.servlet.DispatcherServlet        : Initializing Servlet 'dispatcherServlet'
2021-02-22T12:08:38.823138+00:00 app[web.1]: 2021-02-22 12:08:38.822 DEBUG 4 --- [io-21921-exec-3] o.s.web.servlet.DispatcherServlet        : Detected StandardServletMultipartResolver
2021-02-22T12:08:38.823320+00:00 app[web.1]: 2021-02-22 12:08:38.823 DEBUG 4 --- [io-21921-exec-3] o.s.web.servlet.DispatcherServlet        : Detected AcceptHeaderLocaleResolver
2021-02-22T12:08:38.823449+00:00 app[web.1]: 2021-02-22 12:08:38.823 DEBUG 4 --- [io-21921-exec-3] o.s.web.servlet.DispatcherServlet        : Detected FixedThemeResolver
2021-02-22T12:08:38.825198+00:00 app[web.1]: 2021-02-22 12:08:38.825 DEBUG 4 --- [io-21921-exec-3] o.s.web.servlet.DispatcherServlet        : Detected org.springframework.web.servlet.view.DefaultRequestToViewNameTranslator@4351171a
2021-02-22T12:08:38.825685+00:00 app[web.1]: 2021-02-22 12:08:38.825 DEBUG 4 --- [io-21921-exec-3] o.s.web.servlet.DispatcherServlet        : Detected org.springframework.web.servlet.support.SessionFlashMapManager@5d28bcd5
2021-02-22T12:08:38.825847+00:00 app[web.1]: 2021-02-22 12:08:38.825 DEBUG 4 --- [io-21921-exec-3] o.s.web.servlet.DispatcherServlet        : enableLoggingRequestDetails='false': request parameters and headers will be masked to prevent unsafe logging of potentially sensitive data
2021-02-22T12:08:38.825956+00:00 app[web.1]: 2021-02-22 12:08:38.825  INFO 4 --- [io-21921-exec-3] o.s.web.servlet.DispatcherServlet        : Completed initialization in 3 ms
2021-02-22T12:08:38.844559+00:00 app[web.1]: 2021-02-22 12:08:38.844 DEBUG 4 --- [io-21921-exec-3] o.s.web.servlet.DispatcherServlet        : GET "/", parameters={}
2021-02-22T12:08:38.848320+00:00 app[web.1]: 2021-02-22 12:08:38.848 DEBUG 4 --- [io-21921-exec-3] s.w.s.m.m.a.RequestMappingHandlerMapping : Mapped to app.text_quest.controller.RootController#root()
2021-02-22T12:08:38.877217+00:00 app[web.1]: 2021-02-22 12:08:38.876 DEBUG 4 --- [io-21921-exec-3] m.m.a.RequestResponseBodyMethodProcessor : Using 'text/html', given [text/html, application/xhtml+xml, image/avif, image/webp, image/apng, application/xml;q=0.9, application/signed-exchange;v=b3;q=0.9, */*;q=0.8] and supported [text/plain, */*, text/plain, */*, application/json, application/*+json, application/json, application/*+json]
2021-02-22T12:08:38.877795+00:00 app[web.1]: 2021-02-22 12:08:38.877 DEBUG 4 --- [io-21921-exec-3] m.m.a.RequestResponseBodyMethodProcessor : Writing [""]
2021-02-22T12:08:38.884800+00:00 heroku[router]: at=info method=GET path="/" host=t1magic.herokuapp.com request_id=ff6955ff-ae50-4ed0-b251-6482f611fd8e fwd="194.186.188.251" dyno=web.1 connect=0ms service=109ms status=200 bytes=131 protocol=https
2021-02-22T12:08:38.886574+00:00 app[web.1]: 2021-02-22 12:08:38.886 DEBUG 4 --- [io-21921-exec-3] o.s.web.servlet.DispatcherServlet        : Completed 200 OK
